# JRE version: OpenJDK Runtime Environment (8.0_111-b14) (build 1.8.0_111-8u111-b14-2ubuntu0.16.04.2-b14)
# Java VM: OpenJDK 64-Bit Server VM (25.111-b14 mixed mode linux-amd64 compressed oops)
Heap:
 PSYoungGen      total 329728K, used 324800K [0x00000000eb700000, 0x00000000fff00000, 0x0000000100000000)
  eden space 324608K, 100% used [0x00000000eb700000,0x00000000ff400000,0x00000000ff400000)
  from space 5120K, 3% used [0x00000000ffa00000,0x00000000ffa30000,0x00000000fff00000)
  to   space 5632K, 1% used [0x00000000ff400000,0x00000000ff410000,0x00000000ff980000)
 ParOldGen       total 222208K, used 208907K [0x00000000c2400000, 0x00000000cfd00000, 0x00000000eb700000)
  object space 222208K, 94% used [0x00000000c2400000,0x00000000cf002e38,0x00000000cfd00000)
 Metaspace       used 14586K, capacity 14844K, committed 15104K, reserved 1062912K
  class space    used 1646K, capacity 1742K, committed 1792K, reserved 1048576K
GC Heap History (10 events):
Event: 2.576 GC heap after
Heap after GC invocations=11 (full 0):
 PSYoungGen      total 209408K, used 128K [0x00000000eb700000, 0x0000000100000000, 0x0000000100000000)
  eden space 203264K, 0% used [0x00000000eb700000,0x00000000eb700000,0x00000000f7d80000)
  from space 6144K, 2% used [0x00000000f7d80000,0x00000000f7da0000,0x00000000f8380000)
  to   space 6144K, 0% used [0x00000000ffa00000,0x00000000ffa00000,0x0000000100000000)
 ParOldGen       total 145408K, used 110678K [0x00000000c2400000, 0x00000000cb200000, 0x00000000eb700000)
  object space 145408K, 76% used [0x00000000c2400000,0x00000000c9015920,0x00000000cb200000)
 Metaspace       used 14374K, capacity 14620K, committed 14848K, reserved 1062912K
  class space    used 1627K, capacity 1710K, committed 1792K, reserved 1048576K
}
Event: 3.112 GC heap before
{Heap before GC invocations=12 (full 0):
 PSYoungGen      total 209408K, used 203392K [0x00000000eb700000, 0x0000000100000000, 0x0000000100000000)
  eden space 203264K, 100% used [0x00000000eb700000,0x00000000f7d80000,0x00000000f7d80000)
  from space 6144K, 2% used [0x00000000f7d80000,0x00000000f7da0000,0x00000000f8380000)
  to   space 6144K, 0% used [0x00000000ffa00000,0x00000000ffa00000,0x0000000100000000)
 ParOldGen       total 145408K, used 110678K [0x00000000c2400000, 0x00000000cb200000, 0x00000000eb700000)
  object space 145408K, 76% used [0x00000000c2400000,0x00000000c9015920,0x00000000cb200000)
 Metaspace       used 14586K, capacity 14844K, committed 15104K, reserved 1062912K
  class space    used 1646K, capacity 1742K, committed 1792K, reserved 1048576K
Event: 5.985 GC heap after
Heap after GC invocations=12 (full 0):
 PSYoungGen      total 330752K, used 251K [0x00000000eb700000, 0x0000000100000000, 0x0000000100000000)
  eden space 324608K, 0% used [0x00000000eb700000,0x00000000eb700000,0x00000000ff400000)
  from space 6144K, 4% used [0x00000000ffa00000,0x00000000ffa3ee58,0x0000000100000000)
  to   space 6144K, 0% used [0x00000000ff400000,0x00000000ff400000,0x00000000ffa00000)
 ParOldGen       total 351232K, used 315502K [0x00000000c2400000, 0x00000000d7b00000, 0x00000000eb700000)
  object space 351232K, 89% used [0x00000000c2400000,0x00000000d581b940,0x00000000d7b00000)
 Metaspace       used 14586K, capacity 14844K, committed 15104K, reserved 1062912K
  class space    used 1646K, capacity 1742K, committed 1792K, reserved 1048576K
}
Event: 5.985 GC heap before
{Heap before GC invocations=13 (full 1):
 PSYoungGen      total 330752K, used 251K [0x00000000eb700000, 0x0000000100000000, 0x0000000100000000)
  eden space 324608K, 0% used [0x00000000eb700000,0x00000000eb700000,0x00000000ff400000)
  from space 6144K, 4% used [0x00000000ffa00000,0x00000000ffa3ee58,0x0000000100000000)
  to   space 6144K, 0% used [0x00000000ff400000,0x00000000ff400000,0x00000000ffa00000)
 ParOldGen       total 351232K, used 315502K [0x00000000c2400000, 0x00000000d7b00000, 0x00000000eb700000)
  object space 351232K, 89% used [0x00000000c2400000,0x00000000d581b940,0x00000000d7b00000)
 Metaspace       used 14586K, capacity 14844K, committed 15104K, reserved 1062912K
  class space    used 1646K, capacity 1742K, committed 1792K, reserved 1048576K
Event: 6.233 GC heap after
Heap after GC invocations=13 (full 1):
 PSYoungGen      total 330752K, used 0K [0x00000000eb700000, 0x0000000100000000, 0x0000000100000000)
  eden space 324608K, 0% used [0x00000000eb700000,0x00000000eb700000,0x00000000ff400000)
  from space 6144K, 0% used [0x00000000ffa00000,0x00000000ffa00000,0x0000000100000000)
  to   space 6144K, 0% used [0x00000000ff400000,0x00000000ff400000,0x00000000ffa00000)
 ParOldGen       total 222208K, used 106447K [0x00000000c2400000, 0x00000000cfd00000, 0x00000000eb700000)
  object space 222208K, 47% used [0x00000000c2400000,0x00000000c8bf3e18,0x00000000cfd00000)
 Metaspace       used 14586K, capacity 14844K, committed 15104K, reserved 1062912K
  class space    used 1646K, capacity 1742K, committed 1792K, reserved 1048576K
}
Event: 7.978 GC heap before
{Heap before GC invocations=14 (full 1):
 PSYoungGen      total 330752K, used 324608K [0x00000000eb700000, 0x0000000100000000, 0x0000000100000000)
  eden space 324608K, 100% used [0x00000000eb700000,0x00000000ff400000,0x00000000ff400000)
  from space 6144K, 0% used [0x00000000ffa00000,0x00000000ffa00000,0x0000000100000000)
  to   space 6144K, 0% used [0x00000000ff400000,0x00000000ff400000,0x00000000ffa00000)
 ParOldGen       total 222208K, used 106447K [0x00000000c2400000, 0x00000000cfd00000, 0x00000000eb700000)
  object space 222208K, 47% used [0x00000000c2400000,0x00000000c8bf3e18,0x00000000cfd00000)
 Metaspace       used 14586K, capacity 14844K, committed 15104K, reserved 1062912K
  class space    used 1646K, capacity 1742K, committed 1792K, reserved 1048576K
Event: 7.991 GC heap after
Heap after GC invocations=14 (full 1):
 PSYoungGen      total 330752K, used 160K [0x00000000eb700000, 0x0000000100000000, 0x0000000100000000)
  eden space 324608K, 0% used [0x00000000eb700000,0x00000000eb700000,0x00000000ff400000)
  from space 6144K, 2% used [0x00000000ff400000,0x00000000ff428000,0x00000000ffa00000)
  to   space 6144K, 0% used [0x00000000ffa00000,0x00000000ffa00000,0x0000000100000000)
 ParOldGen       total 222208K, used 106447K [0x00000000c2400000, 0x00000000cfd00000, 0x00000000eb700000)
  object space 222208K, 47% used [0x00000000c2400000,0x00000000c8bf3e18,0x00000000cfd00000)
 Metaspace       used 14586K, capacity 14844K, committed 15104K, reserved 1062912K
  class space    used 1646K, capacity 1742K, committed 1792K, reserved 1048576K
}
Event: 10.218 GC heap before
{Heap before GC invocations=15 (full 1):
 PSYoungGen      total 330752K, used 250615K [0x00000000eb700000, 0x0000000100000000, 0x0000000100000000)
  eden space 324608K, 77% used [0x00000000eb700000,0x00000000fab95f30,0x00000000ff400000)
  from space 6144K, 2% used [0x00000000ff400000,0x00000000ff428000,0x00000000ffa00000)
  to   space 6144K, 0% used [0x00000000ffa00000,0x00000000ffa00000,0x0000000100000000)
 ParOldGen       total 222208K, used 106447K [0x00000000c2400000, 0x00000000cfd00000, 0x00000000eb700000)
  object space 222208K, 47% used [0x00000000c2400000,0x00000000c8bf3e18,0x00000000cfd00000)
 Metaspace       used 14586K, capacity 14844K, committed 15104K, reserved 1062912K
  class space    used 1646K, capacity 1742K, committed 1792K, reserved 1048576K
Event: 10.238 GC heap after
Heap after GC invocations=15 (full 1):
 PSYoungGen      total 329728K, used 192K [0x00000000eb700000, 0x00000000fff00000, 0x0000000100000000)
  eden space 324608K, 0% used [0x00000000eb700000,0x00000000eb700000,0x00000000ff400000)
  from space 5120K, 3% used [0x00000000ffa00000,0x00000000ffa30000,0x00000000fff00000)
  to   space 5632K, 0% used [0x00000000ff400000,0x00000000ff400000,0x00000000ff980000)
 ParOldGen       total 222208K, used 106471K [0x00000000c2400000, 0x00000000cfd00000, 0x00000000eb700000)
  object space 222208K, 47% used [0x00000000c2400000,0x00000000c8bf9e18,0x00000000cfd00000)
 Metaspace       used 14586K, capacity 14844K, committed 15104K, reserved 1062912K
  class space    used 1646K, capacity 1742K, committed 1792K, reserved 1048576K
}
Event: 12.314 GC heap before
{Heap before GC invocations=16 (full 1):
 PSYoungGen      total 329728K, used 324800K [0x00000000eb700000, 0x00000000fff00000, 0x0000000100000000)
  eden space 324608K, 100% used [0x00000000eb700000,0x00000000ff400000,0x00000000ff400000)
  from space 5120K, 3% used [0x00000000ffa00000,0x00000000ffa30000,0x00000000fff00000)
  to   space 5632K, 0% used [0x00000000ff400000,0x00000000ff400000,0x00000000ff980000)
 ParOldGen       total 222208K, used 106471K [0x00000000c2400000, 0x00000000cfd00000, 0x00000000eb700000)
  object space 222208K, 47% used [0x00000000c2400000,0x00000000c8bf9e18,0x00000000cfd00000)
 Metaspace       used 14586K, capacity 14844K, committed 15104K, reserved 1062912K
  class space    used 1646K, capacity 1742K, committed 1792K, reserved 1048576K

